<?xml version="1.0" encoding="UTF-8"?>
<testng-results ignored="0" total="1" passed="1" failed="0" skipped="0">
  <reporter-output>
  </reporter-output>
  <suite started-at="2023-05-22T15:14:43 IST" name="Default suite" finished-at="2023-05-22T15:15:03 IST" duration-ms="19884">
    <groups>
    </groups>
    <test started-at="2023-05-22T15:14:43 IST" name="Default test" finished-at="2023-05-22T15:15:03 IST" duration-ms="19884">
      <class name="webdrivercheckboxes.Assignment2">
        <test-method signature="testWaitAlert()[pri:0, instance:webdrivercheckboxes.Assignment2@6ce139a4]" started-at="2023-05-22T15:14:43 IST" name="testWaitAlert" finished-at="2023-05-22T15:15:03 IST" duration-ms="19856" status="PASS">
          <reporter-output>
          </reporter-output>
        </test-method> <!-- testWaitAlert -->
      </class> <!-- webdrivercheckboxes.Assignment2 -->
    </test> <!-- Default test -->
  </suite> <!-- Default suite -->
</testng-results>
