<?xml version="1.0" encoding="UTF-8"?>
<testng-results ignored="0" total="1" passed="1" failed="0" skipped="0">
  <reporter-output>
  </reporter-output>
  <suite started-at="2023-05-22T11:21:44 IST" name="Default suite" finished-at="2023-05-22T11:21:56 IST" duration-ms="12411">
    <groups>
    </groups>
    <test started-at="2023-05-22T11:21:44 IST" name="Default test" finished-at="2023-05-22T11:21:56 IST" duration-ms="12411">
      <class name="webdrivercheckboxes.CheckboxRadiobtnAssignment1">
        <test-method signature="testChkboxRadioBtn()[pri:0, instance:webdrivercheckboxes.CheckboxRadiobtnAssignment1@6ce139a4]" started-at="2023-05-22T11:21:44 IST" name="testChkboxRadioBtn" finished-at="2023-05-22T11:21:56 IST" duration-ms="12385" status="PASS">
          <reporter-output>
          </reporter-output>
        </test-method> <!-- testChkboxRadioBtn -->
      </class> <!-- webdrivercheckboxes.CheckboxRadiobtnAssignment1 -->
    </test> <!-- Default test -->
  </suite> <!-- Default suite -->
</testng-results>
